  Compile Shader
  Microsoft (R) Direct3D Shader Compiler 6.3.9600.16384
  Copyright (C) 2013 Microsoft. All rights reserved.
  
EXEC : warning X4717: Effects deprecated for D3DCompiler_47
C:\Users\own\Desktop\GP11\selectmenu\dwrite sample\Direct2D_Interactive_3D_Text_Sample\extrusionsample.fx(72,33-55): warning X3206: implicit truncation of vector type
C:\Users\own\Desktop\GP11\selectmenu\dwrite sample\Direct2D_Interactive_3D_Text_Sample\extrusionsample.fx(92,5-30): warning X3206: implicit truncation of vector type
C:\Users\own\Desktop\GP11\selectmenu\dwrite sample\Direct2D_Interactive_3D_Text_Sample\extrusionsample.fx(94,5-32): warning X3206: implicit truncation of vector type
  
  compilation object save succeeded; see C:\Users\own\Desktop\GP11\selectmenu\dwrite sample\Direct2D_Interactive_3D_Text_Sample\Debug\extrusionsample.fxo
cl : コマンド ライン warning D9035: オプション 'Gm' の使用は現在推奨されていません。今後のバージョンからは削除されます。
  Interactive3dTextSample.cpp
c:\program files (x86)\microsoft directx sdk (june 2010)\include\dxgitype.h(12): error C2220: 警告をエラーとして扱いました。'object' ファイルは生成されません。
c:\program files (x86)\microsoft directx sdk (june 2010)\include\dxgitype.h(12): warning C4005: 'DXGI_STATUS_OCCLUDED': マクロが再定義されました。
  c:\program files (x86)\windows kits\8.1\include\shared\winerror.h(50092): note: 'DXGI_STATUS_OCCLUDED' の以前の定義を確認してください
c:\program files (x86)\microsoft directx sdk (june 2010)\include\dxgitype.h(13): warning C4005: 'DXGI_STATUS_CLIPPED': マクロが再定義されました。
  c:\program files (x86)\windows kits\8.1\include\shared\winerror.h(50101): note: 'DXGI_STATUS_CLIPPED' の以前の定義を確認してください
c:\program files (x86)\microsoft directx sdk (june 2010)\include\dxgitype.h(14): warning C4005: 'DXGI_STATUS_NO_REDIRECTION': マクロが再定義されました。
  c:\program files (x86)\windows kits\8.1\include\shared\winerror.h(50110): note: 'DXGI_STATUS_NO_REDIRECTION' の以前の定義を確認してください
c:\program files (x86)\microsoft directx sdk (june 2010)\include\dxgitype.h(15): warning C4005: 'DXGI_STATUS_NO_DESKTOP_ACCESS': マクロが再定義されました。
  c:\program files (x86)\windows kits\8.1\include\shared\winerror.h(50119): note: 'DXGI_STATUS_NO_DESKTOP_ACCESS' の以前の定義を確認してください
c:\program files (x86)\microsoft directx sdk (june 2010)\include\dxgitype.h(16): warning C4005: 'DXGI_STATUS_GRAPHICS_VIDPN_SOURCE_IN_USE': マクロが再定義されました。
  c:\program files (x86)\windows kits\8.1\include\shared\winerror.h(50128): note: 'DXGI_STATUS_GRAPHICS_VIDPN_SOURCE_IN_USE' の以前の定義を確認してください
c:\program files (x86)\microsoft directx sdk (june 2010)\include\dxgitype.h(17): warning C4005: 'DXGI_STATUS_MODE_CHANGED': マクロが再定義されました。
  c:\program files (x86)\windows kits\8.1\include\shared\winerror.h(50137): note: 'DXGI_STATUS_MODE_CHANGED' の以前の定義を確認してください
c:\program files (x86)\microsoft directx sdk (june 2010)\include\dxgitype.h(18): warning C4005: 'DXGI_STATUS_MODE_CHANGE_IN_PROGRESS': マクロが再定義されました。
  c:\program files (x86)\windows kits\8.1\include\shared\winerror.h(50146): note: 'DXGI_STATUS_MODE_CHANGE_IN_PROGRESS' の以前の定義を確認してください
c:\program files (x86)\microsoft directx sdk (june 2010)\include\dxgitype.h(21): warning C4005: 'DXGI_ERROR_INVALID_CALL': マクロが再定義されました。
  c:\program files (x86)\windows kits\8.1\include\shared\winerror.h(50161): note: 'DXGI_ERROR_INVALID_CALL' の以前の定義を確認してください
c:\program files (x86)\microsoft directx sdk (june 2010)\include\dxgitype.h(22): warning C4005: 'DXGI_ERROR_NOT_FOUND': マクロが再定義されました。
  c:\program files (x86)\windows kits\8.1\include\shared\winerror.h(50170): note: 'DXGI_ERROR_NOT_FOUND' の以前の定義を確認してください
c:\program files (x86)\microsoft directx sdk (june 2010)\include\dxgitype.h(23): warning C4005: 'DXGI_ERROR_MORE_DATA': マクロが再定義されました。
  c:\program files (x86)\windows kits\8.1\include\shared\winerror.h(50179): note: 'DXGI_ERROR_MORE_DATA' の以前の定義を確認してください
c:\program files (x86)\microsoft directx sdk (june 2010)\include\dxgitype.h(24): warning C4005: 'DXGI_ERROR_UNSUPPORTED': マクロが再定義されました。
  c:\program files (x86)\windows kits\8.1\include\shared\winerror.h(50188): note: 'DXGI_ERROR_UNSUPPORTED' の以前の定義を確認してください
c:\program files (x86)\microsoft directx sdk (june 2010)\include\dxgitype.h(25): warning C4005: 'DXGI_ERROR_DEVICE_REMOVED': マクロが再定義されました。
  c:\program files (x86)\windows kits\8.1\include\shared\winerror.h(50197): note: 'DXGI_ERROR_DEVICE_REMOVED' の以前の定義を確認してください
c:\program files (x86)\microsoft directx sdk (june 2010)\include\dxgitype.h(26): warning C4005: 'DXGI_ERROR_DEVICE_HUNG': マクロが再定義されました。
  c:\program files (x86)\windows kits\8.1\include\shared\winerror.h(50206): note: 'DXGI_ERROR_DEVICE_HUNG' の以前の定義を確認してください
c:\program files (x86)\microsoft directx sdk (june 2010)\include\dxgitype.h(27): warning C4005: 'DXGI_ERROR_DEVICE_RESET': マクロが再定義されました。
  c:\program files (x86)\windows kits\8.1\include\shared\winerror.h(50216): note: 'DXGI_ERROR_DEVICE_RESET' の以前の定義を確認してください
c:\program files (x86)\microsoft directx sdk (june 2010)\include\dxgitype.h(28): warning C4005: 'DXGI_ERROR_WAS_STILL_DRAWING': マクロが再定義されました。
  c:\program files (x86)\windows kits\8.1\include\shared\winerror.h(50225): note: 'DXGI_ERROR_WAS_STILL_DRAWING' の以前の定義を確認してください
c:\program files (x86)\microsoft directx sdk (june 2010)\include\dxgitype.h(29): warning C4005: 'DXGI_ERROR_FRAME_STATISTICS_DISJOINT': マクロが再定義されました。
  c:\program files (x86)\windows kits\8.1\include\shared\winerror.h(50235): note: 'DXGI_ERROR_FRAME_STATISTICS_DISJOINT' の以前の定義を確認してください
c:\program files (x86)\microsoft directx sdk (june 2010)\include\dxgitype.h(30): warning C4005: 'DXGI_ERROR_GRAPHICS_VIDPN_SOURCE_IN_USE': マクロが再定義されました。
  c:\program files (x86)\windows kits\8.1\include\shared\winerror.h(50244): note: 'DXGI_ERROR_GRAPHICS_VIDPN_SOURCE_IN_USE' の以前の定義を確認してください
c:\program files (x86)\microsoft directx sdk (june 2010)\include\dxgitype.h(31): warning C4005: 'DXGI_ERROR_DRIVER_INTERNAL_ERROR': マクロが再定義されました。
  c:\program files (x86)\windows kits\8.1\include\shared\winerror.h(50254): note: 'DXGI_ERROR_DRIVER_INTERNAL_ERROR' の以前の定義を確認してください
c:\program files (x86)\microsoft directx sdk (june 2010)\include\dxgitype.h(32): warning C4005: 'DXGI_ERROR_NONEXCLUSIVE': マクロが再定義されました。
  c:\program files (x86)\windows kits\8.1\include\shared\winerror.h(50263): note: 'DXGI_ERROR_NONEXCLUSIVE' の以前の定義を確認してください
c:\program files (x86)\microsoft directx sdk (june 2010)\include\dxgitype.h(33): warning C4005: 'DXGI_ERROR_NOT_CURRENTLY_AVAILABLE': マクロが再定義されました。
  c:\program files (x86)\windows kits\8.1\include\shared\winerror.h(50272): note: 'DXGI_ERROR_NOT_CURRENTLY_AVAILABLE' の以前の定義を確認してください
c:\program files (x86)\microsoft directx sdk (june 2010)\include\dxgitype.h(34): warning C4005: 'DXGI_ERROR_REMOTE_CLIENT_DISCONNECTED': マクロが再定義されました。
  c:\program files (x86)\windows kits\8.1\include\shared\winerror.h(50282): note: 'DXGI_ERROR_REMOTE_CLIENT_DISCONNECTED' の以前の定義を確認してください
c:\program files (x86)\microsoft directx sdk (june 2010)\include\dxgitype.h(35): warning C4005: 'DXGI_ERROR_REMOTE_OUTOFMEMORY': マクロが再定義されました。
  c:\program files (x86)\windows kits\8.1\include\shared\winerror.h(50291): note: 'DXGI_ERROR_REMOTE_OUTOFMEMORY' の以前の定義を確認してください
c:\program files (x86)\microsoft directx sdk (june 2010)\include\d3d10.h(608): warning C4005: 'D3D10_ERROR_TOO_MANY_UNIQUE_STATE_OBJECTS': マクロが再定義されました。
  c:\program files (x86)\windows kits\8.1\include\shared\winerror.h(50445): note: 'D3D10_ERROR_TOO_MANY_UNIQUE_STATE_OBJECTS' の以前の定義を確認してください
c:\program files (x86)\microsoft directx sdk (june 2010)\include\d3d10.h(609): warning C4005: 'D3D10_ERROR_FILE_NOT_FOUND': マクロが再定義されました。
  c:\program files (x86)\windows kits\8.1\include\shared\winerror.h(50454): note: 'D3D10_ERROR_FILE_NOT_FOUND' の以前の定義を確認してください
c:\program files (x86)\microsoft directx sdk (june 2010)\include\d2derr.h(59): warning C4005: 'D2DERR_WRONG_STATE': マクロが再定義されました。
  c:\program files (x86)\windows kits\8.1\include\shared\winerror.h(50511): note: 'D2DERR_WRONG_STATE' の以前の定義を確認してください
c:\program files (x86)\microsoft directx sdk (june 2010)\include\d2derr.h(64): warning C4005: 'D2DERR_NOT_INITIALIZED': マクロが再定義されました。
  c:\program files (x86)\windows kits\8.1\include\shared\winerror.h(50520): note: 'D2DERR_NOT_INITIALIZED' の以前の定義を確認してください
c:\program files (x86)\microsoft directx sdk (june 2010)\include\d2derr.h(69): warning C4005: 'D2DERR_UNSUPPORTED_OPERATION': マクロが再定義されました。
  c:\program files (x86)\windows kits\8.1\include\shared\winerror.h(50529): note: 'D2DERR_UNSUPPORTED_OPERATION' の以前の定義を確認してください
c:\program files (x86)\microsoft directx sdk (june 2010)\include\d2derr.h(74): warning C4005: 'D2DERR_SCANNER_FAILED': マクロが再定義されました。
  c:\program files (x86)\windows kits\8.1\include\shared\winerror.h(50538): note: 'D2DERR_SCANNER_FAILED' の以前の定義を確認してください
c:\program files (x86)\microsoft directx sdk (june 2010)\include\d2derr.h(79): warning C4005: 'D2DERR_SCREEN_ACCESS_DENIED': マクロが再定義されました。
  c:\program files (x86)\windows kits\8.1\include\shared\winerror.h(50547): note: 'D2DERR_SCREEN_ACCESS_DENIED' の以前の定義を確認してください
c:\program files (x86)\microsoft directx sdk (june 2010)\include\d2derr.h(84): warning C4005: 'D2DERR_DISPLAY_STATE_INVALID': マクロが再定義されました。
  c:\program files (x86)\windows kits\8.1\include\shared\winerror.h(50556): note: 'D2DERR_DISPLAY_STATE_INVALID' の以前の定義を確認してください
c:\program files (x86)\microsoft directx sdk (june 2010)\include\d2derr.h(89): warning C4005: 'D2DERR_ZERO_VECTOR': マクロが再定義されました。
  c:\program files (x86)\windows kits\8.1\include\shared\winerror.h(50565): note: 'D2DERR_ZERO_VECTOR' の以前の定義を確認してください
c:\program files (x86)\microsoft directx sdk (june 2010)\include\d2derr.h(97): warning C4005: 'D2DERR_INTERNAL_ERROR': マクロが再定義されました。
  c:\program files (x86)\windows kits\8.1\include\shared\winerror.h(50574): note: 'D2DERR_INTERNAL_ERROR' の以前の定義を確認してください
c:\program files (x86)\microsoft directx sdk (june 2010)\include\d2derr.h(103): warning C4005: 'D2DERR_DISPLAY_FORMAT_NOT_SUPPORTED': マクロが再定義されました。
  c:\program files (x86)\windows kits\8.1\include\shared\winerror.h(50583): note: 'D2DERR_DISPLAY_FORMAT_NOT_SUPPORTED' の以前の定義を確認してください
c:\program files (x86)\microsoft directx sdk (june 2010)\include\d2derr.h(108): warning C4005: 'D2DERR_INVALID_CALL': マクロが再定義されました。
  c:\program files (x86)\windows kits\8.1\include\shared\winerror.h(50592): note: 'D2DERR_INVALID_CALL' の以前の定義を確認してください
c:\program files (x86)\microsoft directx sdk (june 2010)\include\d2derr.h(113): warning C4005: 'D2DERR_NO_HARDWARE_DEVICE': マクロが再定義されました。
  c:\program files (x86)\windows kits\8.1\include\shared\winerror.h(50601): note: 'D2DERR_NO_HARDWARE_DEVICE' の以前の定義を確認してください
c:\program files (x86)\microsoft directx sdk (june 2010)\include\d2derr.h(119): warning C4005: 'D2DERR_RECREATE_TARGET': マクロが再定義されました。
  c:\program files (x86)\windows kits\8.1\include\shared\winerror.h(50610): note: 'D2DERR_RECREATE_TARGET' の以前の定義を確認してください
c:\program files (x86)\microsoft directx sdk (june 2010)\include\d2derr.h(124): warning C4005: 'D2DERR_TOO_MANY_SHADER_ELEMENTS': マクロが再定義されました。
  c:\program files (x86)\windows kits\8.1\include\shared\winerror.h(50619): note: 'D2DERR_TOO_MANY_SHADER_ELEMENTS' の以前の定義を確認してください
c:\program files (x86)\microsoft directx sdk (june 2010)\include\d2derr.h(129): warning C4005: 'D2DERR_SHADER_COMPILE_FAILED': マクロが再定義されました。
  c:\program files (x86)\windows kits\8.1\include\shared\winerror.h(50628): note: 'D2DERR_SHADER_COMPILE_FAILED' の以前の定義を確認してください
c:\program files (x86)\microsoft directx sdk (june 2010)\include\d2derr.h(134): warning C4005: 'D2DERR_MAX_TEXTURE_SIZE_EXCEEDED': マクロが再定義されました。
  c:\program files (x86)\windows kits\8.1\include\shared\winerror.h(50637): note: 'D2DERR_MAX_TEXTURE_SIZE_EXCEEDED' の以前の定義を確認してください
c:\program files (x86)\microsoft directx sdk (june 2010)\include\d2derr.h(139): warning C4005: 'D2DERR_UNSUPPORTED_VERSION': マクロが再定義されました。
  c:\program files (x86)\windows kits\8.1\include\shared\winerror.h(50646): note: 'D2DERR_UNSUPPORTED_VERSION' の以前の定義を確認してください
c:\program files (x86)\microsoft directx sdk (june 2010)\include\d2derr.h(144): warning C4005: 'D2DERR_BAD_NUMBER': マクロが再定義されました。
  c:\program files (x86)\windows kits\8.1\include\shared\winerror.h(50655): note: 'D2DERR_BAD_NUMBER' の以前の定義を確認してください
c:\program files (x86)\microsoft directx sdk (june 2010)\include\d2derr.h(149): warning C4005: 'D2DERR_WRONG_FACTORY': マクロが再定義されました。
  c:\program files (x86)\windows kits\8.1\include\shared\winerror.h(50664): note: 'D2DERR_WRONG_FACTORY' の以前の定義を確認してください
c:\program files (x86)\microsoft directx sdk (june 2010)\include\d2derr.h(154): warning C4005: 'D2DERR_LAYER_ALREADY_IN_USE': マクロが再定義されました。
  c:\program files (x86)\windows kits\8.1\include\shared\winerror.h(50673): note: 'D2DERR_LAYER_ALREADY_IN_USE' の以前の定義を確認してください
c:\program files (x86)\microsoft directx sdk (june 2010)\include\d2derr.h(159): warning C4005: 'D2DERR_POP_CALL_DID_NOT_MATCH_PUSH': マクロが再定義されました。
  c:\program files (x86)\windows kits\8.1\include\shared\winerror.h(50682): note: 'D2DERR_POP_CALL_DID_NOT_MATCH_PUSH' の以前の定義を確認してください
c:\program files (x86)\microsoft directx sdk (june 2010)\include\d2derr.h(164): warning C4005: 'D2DERR_WRONG_RESOURCE_DOMAIN': マクロが再定義されました。
  c:\program files (x86)\windows kits\8.1\include\shared\winerror.h(50691): note: 'D2DERR_WRONG_RESOURCE_DOMAIN' の以前の定義を確認してください
c:\program files (x86)\microsoft directx sdk (june 2010)\include\d2derr.h(169): warning C4005: 'D2DERR_PUSH_POP_UNBALANCED': マクロが再定義されました。
  c:\program files (x86)\windows kits\8.1\include\shared\winerror.h(50700): note: 'D2DERR_PUSH_POP_UNBALANCED' の以前の定義を確認してください
c:\program files (x86)\microsoft directx sdk (june 2010)\include\d2derr.h(174): warning C4005: 'D2DERR_RENDER_TARGET_HAS_LAYER_OR_CLIPRECT': マクロが再定義されました。
  c:\program files (x86)\windows kits\8.1\include\shared\winerror.h(50709): note: 'D2DERR_RENDER_TARGET_HAS_LAYER_OR_CLIPRECT' の以前の定義を確認してください
c:\program files (x86)\microsoft directx sdk (june 2010)\include\d2derr.h(179): warning C4005: 'D2DERR_INCOMPATIBLE_BRUSH_TYPES': マクロが再定義されました。
  c:\program files (x86)\windows kits\8.1\include\shared\winerror.h(50718): note: 'D2DERR_INCOMPATIBLE_BRUSH_TYPES' の以前の定義を確認してください
c:\program files (x86)\microsoft directx sdk (june 2010)\include\d2derr.h(184): warning C4005: 'D2DERR_WIN32_ERROR': マクロが再定義されました。
  c:\program files (x86)\windows kits\8.1\include\shared\winerror.h(50727): note: 'D2DERR_WIN32_ERROR' の以前の定義を確認してください
c:\program files (x86)\microsoft directx sdk (june 2010)\include\d2derr.h(189): warning C4005: 'D2DERR_TARGET_NOT_GDI_COMPATIBLE': マクロが再定義されました。
  c:\program files (x86)\windows kits\8.1\include\shared\winerror.h(50736): note: 'D2DERR_TARGET_NOT_GDI_COMPATIBLE' の以前の定義を確認してください
c:\program files (x86)\microsoft directx sdk (june 2010)\include\d2derr.h(194): warning C4005: 'D2DERR_TEXT_EFFECT_IS_WRONG_TYPE': マクロが再定義されました。
  c:\program files (x86)\windows kits\8.1\include\shared\winerror.h(50745): note: 'D2DERR_TEXT_EFFECT_IS_WRONG_TYPE' の以前の定義を確認してください
c:\program files (x86)\microsoft directx sdk (june 2010)\include\d2derr.h(201): warning C4005: 'D2DERR_TEXT_RENDERER_NOT_RELEASED': マクロが再定義されました。
  c:\program files (x86)\windows kits\8.1\include\shared\winerror.h(50754): note: 'D2DERR_TEXT_RENDERER_NOT_RELEASED' の以前の定義を確認してください
c:\program files (x86)\microsoft directx sdk (june 2010)\include\d2derr.h(206): warning C4005: 'D2DERR_EXCEEDS_MAX_BITMAP_SIZE': マクロが再定義されました。
  c:\program files (x86)\windows kits\8.1\include\shared\winerror.h(50763): note: 'D2DERR_EXCEEDS_MAX_BITMAP_SIZE' の以前の定義を確認してください
c:\program files (x86)\microsoft directx sdk (june 2010)\include\d2d1helper.h(677): warning C4458: 'a' を宣言すると、クラス メンバーが隠蔽されます
  c:\program files (x86)\microsoft directx sdk (june 2010)\include\d3d9types.h(64): note: '_D3DCOLORVALUE::a' の宣言を確認してください
c:\program files (x86)\microsoft directx sdk (june 2010)\include\dwrite.h(4962): warning C4005: 'DWRITE_E_FILEFORMAT': マクロが再定義されました。
  c:\program files (x86)\windows kits\8.1\include\shared\winerror.h(50921): note: 'DWRITE_E_FILEFORMAT' の以前の定義を確認してください
c:\program files (x86)\microsoft directx sdk (june 2010)\include\dwrite.h(4967): warning C4005: 'DWRITE_E_UNEXPECTED': マクロが再定義されました。
  c:\program files (x86)\windows kits\8.1\include\shared\winerror.h(50930): note: 'DWRITE_E_UNEXPECTED' の以前の定義を確認してください
c:\program files (x86)\microsoft directx sdk (june 2010)\include\dwrite.h(4972): warning C4005: 'DWRITE_E_NOFONT': マクロが再定義されました。
  c:\program files (x86)\windows kits\8.1\include\shared\winerror.h(50939): note: 'DWRITE_E_NOFONT' の以前の定義を確認してください
c:\program files (x86)\microsoft directx sdk (june 2010)\include\dwrite.h(4978): warning C4005: 'DWRITE_E_FILENOTFOUND': マクロが再定義されました。
  c:\program files (x86)\windows kits\8.1\include\shared\winerror.h(50948): note: 'DWRITE_E_FILENOTFOUND' の以前の定義を確認してください
c:\program files (x86)\microsoft directx sdk (june 2010)\include\dwrite.h(4983): warning C4005: 'DWRITE_E_FILEACCESS': マクロが再定義されました。
  c:\program files (x86)\windows kits\8.1\include\shared\winerror.h(50957): note: 'DWRITE_E_FILEACCESS' の以前の定義を確認してください
c:\program files (x86)\microsoft directx sdk (june 2010)\include\dwrite.h(4988): warning C4005: 'DWRITE_E_FONTCOLLECTIONOBSOLETE': マクロが再定義されました。
  c:\program files (x86)\windows kits\8.1\include\shared\winerror.h(50966): note: 'DWRITE_E_FONTCOLLECTIONOBSOLETE' の以前の定義を確認してください
c:\program files (x86)\microsoft directx sdk (june 2010)\include\dwrite.h(4993): warning C4005: 'DWRITE_E_ALREADYREGISTERED': マクロが再定義されました。
  c:\program files (x86)\windows kits\8.1\include\shared\winerror.h(50975): note: 'DWRITE_E_ALREADYREGISTERED' の以前の定義を確認してください
c:\users\own\desktop\gp11\selectmenu\dwrite sample\direct2d_interactive_3d_text_sample\interactive3dtextsample.cpp(834): warning C4456: 'i' を宣言すると、以前のローカル宣言が隠蔽されます
  c:\users\own\desktop\gp11\selectmenu\dwrite sample\direct2d_interactive_3d_text_sample\interactive3dtextsample.cpp(794): note: 'i' の宣言を確認してください
