  camera.cpp
  DXTrace.cpp
c:\users\own\desktop\gp11\selectmenu\dxtrace.cpp : warning C4819: ファイルは、現在のコード ページ (932) で表示できない文字を含んでいます。データの損失を防ぐために、ファイルを Unicode 形式で保存してください。
c:\users\own\desktop\gp11\selectmenu\dxtrace.h : warning C4819: ファイルは、現在のコード ページ (932) で表示できない文字を含んでいます。データの損失を防ぐために、ファイルを Unicode 形式で保存してください。
c:\users\own\desktop\gp11\selectmenu\dxtrace.cpp(38): warning C4474: 'swprintf_s': 書式文字列に渡された引数の数が多すぎます
  c:\users\own\desktop\gp11\selectmenu\dxtrace.cpp(38): note: プレースホルダーとそのパラメーターには 0 の可変個引数が必要ですが、1 が指定されています。
c:\users\own\desktop\gp11\selectmenu\dxtrace.cpp(51): warning C4474: 'swprintf_s': 書式文字列に渡された引数の数が多すぎます
  c:\users\own\desktop\gp11\selectmenu\dxtrace.cpp(51): note: プレースホルダーとそのパラメーターには 0 の可変個引数が必要ですが、1 が指定されています。
c:\users\own\desktop\gp11\selectmenu\dxtrace.cpp(53): error C2001: 定数が 2 行目に続いています。
c:\users\own\desktop\gp11\selectmenu\dxtrace.cpp(55): error C2144: 構文エラー: 'int' は ')' によって先行されなければなりません。
c:\users\own\desktop\gp11\selectmenu\dxtrace.cpp(53): warning C4473: 'swprintf_s': 書式文字列として渡された引数が不足しています
  c:\users\own\desktop\gp11\selectmenu\dxtrace.cpp(53): note: プレースホルダーとそのパラメーターには 1 の可変個引数が必要ですが、0 が指定されています。
  c:\users\own\desktop\gp11\selectmenu\dxtrace.cpp(53): note: 不足している可変個引数 1 が書式文字列 '%ls' に必要です
c:\users\own\desktop\gp11\selectmenu\dxtrace.cpp(55): error C2144: 構文エラー: 'int' は ';' によって先行されなければなりません。
  main.cpp
c:\users\own\desktop\gp11\selectmenu\dxtrace.h : warning C4819: ファイルは、現在のコード ページ (932) で表示できない文字を含んでいます。データの損失を防ぐために、ファイルを Unicode 形式で保存してください。
c:\users\own\desktop\gp11\selectmenu\main.cpp(332): error C2064: 1 引数を取り込む関数には評価されません。
c:\users\own\desktop\gp11\selectmenu\main.cpp(337): error C2146: 構文エラー: ';' が、識別子 'wszText_' の前に必要です。
c:\users\own\desktop\gp11\selectmenu\main.cpp(357): error C2065: 'hr': 定義されていない識別子です。
c:\users\own\desktop\gp11\selectmenu\main.cpp(360): error C2064: 1 引数を取り込む関数には評価されません。
c:\users\own\desktop\gp11\selectmenu\main.cpp(361): error C2143: 構文エラー: ';' が '}' の前にありません。
  player.cpp
c:\users\own\desktop\gp11\selectmenu\player.cpp(83): warning C4305: '=': 'double' から 'float' へ切り詰めます。
c:\users\own\desktop\gp11\selectmenu\player.cpp(84): warning C4305: '=': 'double' から 'float' へ切り詰めます。
  renderer.cpp
  SelectMenu.cpp
